{"contracts/Raffle.sol":{"l":{"58":3,"59":3,"60":3,"61":3,"62":3,"63":3,"64":3,"65":3,"69":5,"70":1,"72":4,"73":1,"75":3,"76":3,"82":1,"83":1,"84":0,"90":1,"91":1,"98":1,"105":0,"106":0,"107":0,"108":0,"109":0,"110":0,"111":0,"112":0,"113":0,"115":0,"129":1,"130":1,"131":1,"132":1,"133":1,"138":5,"142":1,"146":1,"150":0,"154":0,"158":0,"162":0,"166":5},"path":"/home/vishwanath/hardhat-smartcontract-lottery/contracts/Raffle.sol","s":{"1":3,"2":3,"3":3,"4":3,"5":3,"6":3,"7":3,"8":3,"9":5,"10":4,"11":3,"12":3,"13":1,"14":1,"15":1,"16":1,"17":1,"18":0,"19":0,"20":0,"21":0,"22":0,"23":0,"24":0,"25":0,"26":0,"27":1,"28":1,"29":1,"30":1,"31":1,"32":5,"33":1,"34":1,"35":0,"36":0,"37":0,"38":0,"39":5},"b":{"1":[1,4],"2":[1,3],"3":[0,1],"4":[0,0]},"f":{"1":3,"2":5,"3":1,"4":0,"5":1,"6":5,"7":1,"8":1,"9":0,"10":0,"11":0,"12":0,"13":5},"fnMap":{"1":{"name":"constructor","line":57,"loc":{"start":{"line":50,"column":4},"end":{"line":66,"column":4}}},"2":{"name":"enterRaffle","line":68,"loc":{"start":{"line":68,"column":4},"end":{"line":77,"column":4}}},"3":{"name":"performUpkeep","line":79,"loc":{"start":{"line":79,"column":4},"end":{"line":99,"column":4}}},"4":{"name":"fulfillRandomWords","line":101,"loc":{"start":{"line":101,"column":4},"end":{"line":116,"column":4}}},"5":{"name":"checkUpkeep","line":118,"loc":{"start":{"line":118,"column":4},"end":{"line":134,"column":4}}},"6":{"name":"getEnterenceFee","line":137,"loc":{"start":{"line":137,"column":4},"end":{"line":139,"column":4}}},"7":{"name":"getPlayer","line":141,"loc":{"start":{"line":141,"column":4},"end":{"line":143,"column":4}}},"8":{"name":"getRaffleState","line":145,"loc":{"start":{"line":145,"column":4},"end":{"line":147,"column":4}}},"9":{"name":"getNumberOfWords","line":149,"loc":{"start":{"line":149,"column":4},"end":{"line":151,"column":4}}},"10":{"name":"getNumberOfPlayers","line":153,"loc":{"start":{"line":153,"column":4},"end":{"line":155,"column":4}}},"11":{"name":"getLatestTimeStamp","line":157,"loc":{"start":{"line":157,"column":4},"end":{"line":159,"column":4}}},"12":{"name":"getRequestConfirmation","line":161,"loc":{"start":{"line":161,"column":4},"end":{"line":163,"column":4}}},"13":{"name":"getInterval","line":165,"loc":{"start":{"line":165,"column":4},"end":{"line":167,"column":4}}}},"statementMap":{"1":{"start":{"line":58,"column":8},"end":{"line":58,"column":39}},"2":{"start":{"line":59,"column":8},"end":{"line":59,"column":26}},"3":{"start":{"line":60,"column":8},"end":{"line":60,"column":40}},"4":{"start":{"line":61,"column":8},"end":{"line":61,"column":36}},"5":{"start":{"line":62,"column":8},"end":{"line":62,"column":44}},"6":{"start":{"line":63,"column":8},"end":{"line":63,"column":69}},"7":{"start":{"line":64,"column":8},"end":{"line":64,"column":40}},"8":{"start":{"line":65,"column":8},"end":{"line":65,"column":28}},"9":{"start":{"line":69,"column":8},"end":{"line":69,"column":2389}},"10":{"start":{"line":72,"column":8},"end":{"line":72,"column":2491}},"11":{"start":{"line":75,"column":8},"end":{"line":75,"column":42}},"12":{"start":{"line":76,"column":8},"end":{"line":76,"column":36}},"13":{"start":{"line":82,"column":8},"end":{"line":82,"column":47}},"14":{"start":{"line":83,"column":8},"end":{"line":83,"column":2821}},"15":{"start":{"line":90,"column":8},"end":{"line":90,"column":46}},"16":{"start":{"line":91,"column":8},"end":{"line":91,"column":3081}},"17":{"start":{"line":98,"column":8},"end":{"line":98,"column":45}},"18":{"start":{"line":105,"column":8},"end":{"line":105,"column":65}},"19":{"start":{"line":106,"column":8},"end":{"line":106,"column":63}},"20":{"start":{"line":107,"column":8},"end":{"line":107,"column":36}},"21":{"start":{"line":108,"column":8},"end":{"line":108,"column":39}},"22":{"start":{"line":109,"column":8},"end":{"line":109,"column":43}},"23":{"start":{"line":110,"column":8},"end":{"line":110,"column":40}},"24":{"start":{"line":111,"column":8},"end":{"line":111,"column":78}},"25":{"start":{"line":112,"column":8},"end":{"line":112,"column":3871}},"26":{"start":{"line":115,"column":8},"end":{"line":115,"column":37}},"27":{"start":{"line":129,"column":8},"end":{"line":129,"column":57}},"28":{"start":{"line":130,"column":8},"end":{"line":130,"column":76}},"29":{"start":{"line":131,"column":8},"end":{"line":131,"column":48}},"30":{"start":{"line":132,"column":8},"end":{"line":132,"column":51}},"31":{"start":{"line":133,"column":8},"end":{"line":133,"column":72}},"32":{"start":{"line":138,"column":8},"end":{"line":138,"column":29}},"33":{"start":{"line":142,"column":8},"end":{"line":142,"column":31}},"34":{"start":{"line":146,"column":8},"end":{"line":146,"column":28}},"35":{"start":{"line":150,"column":8},"end":{"line":150,"column":21}},"36":{"start":{"line":154,"column":8},"end":{"line":154,"column":33}},"37":{"start":{"line":158,"column":8},"end":{"line":158,"column":33}},"38":{"start":{"line":162,"column":8},"end":{"line":162,"column":51}},"39":{"start":{"line":166,"column":8},"end":{"line":166,"column":28}}},"branchMap":{"1":{"line":69,"type":"if","locations":[{"start":{"line":69,"column":8},"end":{"line":69,"column":8}},{"start":{"line":69,"column":8},"end":{"line":69,"column":8}}]},"2":{"line":72,"type":"if","locations":[{"start":{"line":72,"column":8},"end":{"line":72,"column":8}},{"start":{"line":72,"column":8},"end":{"line":72,"column":8}}]},"3":{"line":83,"type":"if","locations":[{"start":{"line":83,"column":8},"end":{"line":83,"column":8}},{"start":{"line":83,"column":8},"end":{"line":83,"column":8}}]},"4":{"line":112,"type":"if","locations":[{"start":{"line":112,"column":8},"end":{"line":112,"column":8}},{"start":{"line":112,"column":8},"end":{"line":112,"column":8}}]}}},"contracts/test/VRFcoordinatorV2Mock.sol":{"l":{},"path":"/home/vishwanath/hardhat-smartcontract-lottery/contracts/test/VRFcoordinatorV2Mock.sol","s":{},"b":{},"f":{},"fnMap":{},"statementMap":{},"branchMap":{}}}