TN:
SF:/home/vishwanath/hardhat-smartcontract-lottery/contracts/Raffle.sol
FN:57,constructor
FN:68,enterRaffle
FN:79,performUpkeep
FN:101,fulfillRandomWords
FN:118,checkUpkeep
FN:137,getEnterenceFee
FN:141,getPlayer
FN:145,getRaffleState
FN:149,getNumberOfWords
FN:153,getNumberOfPlayers
FN:157,getLatestTimeStamp
FN:161,getRequestConfirmation
FN:165,getInterval
FNF:13
FNH:8
FNDA:3,constructor
FNDA:5,enterRaffle
FNDA:1,performUpkeep
FNDA:0,fulfillRandomWords
FNDA:1,checkUpkeep
FNDA:5,getEnterenceFee
FNDA:1,getPlayer
FNDA:1,getRaffleState
FNDA:0,getNumberOfWords
FNDA:0,getNumberOfPlayers
FNDA:0,getLatestTimeStamp
FNDA:0,getRequestConfirmation
FNDA:5,getInterval
DA:58,3
DA:59,3
DA:60,3
DA:61,3
DA:62,3
DA:63,3
DA:64,3
DA:65,3
DA:69,5
DA:70,1
DA:72,4
DA:73,1
DA:75,3
DA:76,3
DA:82,1
DA:83,1
DA:84,0
DA:90,1
DA:91,1
DA:98,1
DA:105,0
DA:106,0
DA:107,0
DA:108,0
DA:109,0
DA:110,0
DA:111,0
DA:112,0
DA:113,0
DA:115,0
DA:129,1
DA:130,1
DA:131,1
DA:132,1
DA:133,1
DA:138,5
DA:142,1
DA:146,1
DA:150,0
DA:154,0
DA:158,0
DA:162,0
DA:166,5
LF:43
LH:28
BRDA:69,1,0,1
BRDA:69,1,1,4
BRDA:72,2,0,1
BRDA:72,2,1,3
BRDA:83,3,0,0
BRDA:83,3,1,1
BRDA:112,4,0,0
BRDA:112,4,1,0
BRF:8
BRH:5
end_of_record
TN:
SF:/home/vishwanath/hardhat-smartcontract-lottery/contracts/test/VRFcoordinatorV2Mock.sol
FNF:0
FNH:0
LF:0
LH:0
BRF:0
BRH:0
end_of_record
